0 info it worked if it ends with ok
1 verbose cli [ 'node', '/usr/local/bin/npm', 'run', 'build' ]
2 info using npm@2.5.1
3 info using node@v0.12.0
4 verbose node symlink /usr/local/bin/node
5 verbose run-script [ 'prebuild', 'build', 'postbuild' ]
6 info prebuild Flock@0.0.0
7 info build Flock@0.0.0
8 verbose unsafe-perm in lifecycle true
9 info Flock@0.0.0 Failed to exec build script
10 verbose stack Error: Flock@0.0.0 build: `webpack --progress --colors`
10 verbose stack Exit status 255
10 verbose stack     at EventEmitter.<anonymous> (/usr/local/lib/node_modules/npm/lib/utils/lifecycle.js:213:16)
10 verbose stack     at EventEmitter.emit (events.js:110:17)
10 verbose stack     at ChildProcess.<anonymous> (/usr/local/lib/node_modules/npm/lib/utils/spawn.js:14:12)
10 verbose stack     at ChildProcess.emit (events.js:110:17)
10 verbose stack     at maybeClose (child_process.js:1008:16)
10 verbose stack     at Process.ChildProcess._handle.onexit (child_process.js:1080:5)
11 verbose pkgid Flock@0.0.0
12 verbose cwd /Users/student/Desktop/flock/client/config
13 error Darwin 14.3.0
14 error argv "node" "/usr/local/bin/npm" "run" "build"
15 error node v0.12.0
16 error npm  v2.5.1
17 error code ELIFECYCLE
18 error Flock@0.0.0 build: `webpack --progress --colors`
18 error Exit status 255
19 error Failed at the Flock@0.0.0 build script 'webpack --progress --colors'.
19 error This is most likely a problem with the Flock package,
19 error not with npm itself.
19 error Tell the author that this fails on your system:
19 error     webpack --progress --colors
19 error You can get their info via:
19 error     npm owner ls Flock
19 error There is likely additional logging output above.
20 verbose exit [ 1, true ]
